<?xml version="1.0" encoding="UTF-8"?>
<!-- Generated by org.testng.reporters.JUnitReportReporter -->
<testsuite name="com.qainfotech.test2.Test2.NewTest" tests="1" time="0.005" ignored="0" failures="0" timestamp="05 Feb 2019 09:50:01 GMT" skipped="0" hostname="ASDW0048" errors="0">
  <testcase name="f" time="0.005" classname="com.qainfotech.test2.Test2.NewTest"/>
</testsuite> <!-- com.qainfotech.test2.Test2.NewTest -->
